<?xml version="1.0" encoding="UTF-8"?>
<testng-results ignored="0" total="1" passed="1" failed="0" skipped="0">
  <reporter-output>
  </reporter-output>
  <suite started-at="2023-08-18T08:38:17 IST" name="Default suite" finished-at="2023-08-18T08:38:20 IST" duration-ms="3663">
    <groups>
    </groups>
    <test started-at="2023-08-18T08:38:17 IST" name="Default test" finished-at="2023-08-18T08:38:20 IST" duration-ms="3663">
      <class name="com.Api_Method">
        <test-method signature="postDetails()[pri:0, instance:com.Api_Method@65c7a252]" started-at="2023-08-18T08:38:17 IST" name="postDetails" finished-at="2023-08-18T08:38:20 IST" duration-ms="3604" status="PASS">
          <reporter-output>
          </reporter-output>
        </test-method> <!-- postDetails -->
      </class> <!-- com.Api_Method -->
    </test> <!-- Default test -->
  </suite> <!-- Default suite -->
</testng-results>
